Multi-objective Optimisation with mobo(ucb-ts) using capital 43200.0 (realtime)
clean is finish
clean is finish
clean is finish
clean is finish
Capital spent on initialisation: 1158.5448(0.0268).
Legend: <iteration_number> (<num_successful_queries>, <fraction_of_capital_spent>):: #Pareto=<num_pareto_optimal_points_found>, acqs=<num_times_each_acquisition_was_used>
clean is finish
clean is finish
clean is finish
clean is finish
clean is finish
clean is finish
clean is finish
clean is finish
clean is finish
clean is finish
clean is finish
clean is finish
clean is finish
clean is finish
clean is finish
clean is finish
clean is finish
clean is finish
#013 (011, 0.127):: #Pareto: 3, acqs=[ucb:0, ts:9], 
clean is finish
clean is finish
clean is finish
clean is finish
clean is finish
clean is finish
clean is finish
clean is finish
clean is finish
clean is finish
clean is finish
clean is finish
clean is finish
clean is finish
clean is finish
clean is finish
clean is finish
clean is finish
clean is finish
clean is finish
clean is finish
clean is finish
clean is finish
clean is finish
clean is finish
clean is finish
#026 (024, 0.279):: #Pareto: 3, acqs=[ucb:7, ts:15], 
clean is finish
clean is finish
clean is finish
clean is finish
clean is finish
clean is finish
clean is finish
clean is finish
clean is finish
clean is finish
clean is finish
clean is finish
clean is finish
clean is finish
clean is finish
clean is finish
clean is finish
clean is finish
clean is finish
clean is finish
clean is finish
clean is finish
clean is finish
clean is finish
clean is finish
clean is finish
#039 (037, 0.470):: #Pareto: 1, acqs=[ucb:14, ts:21], 
clean is finish
clean is finish
clean is finish
clean is finish
clean is finish
clean is finish
clean is finish
clean is finish
clean is finish
clean is finish
clean is finish
clean is finish
clean is finish
clean is finish
clean is finish
clean is finish
clean is finish
clean is finish
clean is finish
clean is finish
clean is finish
clean is finish
clean is finish
clean is finish
clean is finish
clean is finish
#052 (050, 0.673):: #Pareto: 3, acqs=[ucb:19, ts:29], 
clean is finish
clean is finish
clean is finish
clean is finish
clean is finish
clean is finish
clean is finish
clean is finish
clean is finish
clean is finish
clean is finish
clean is finish
clean is finish
clean is finish
clean is finish
clean is finish
clean is finish
clean is finish
clean is finish
clean is finish
clean is finish
clean is finish
clean is finish
clean is finish
clean is finish
clean is finish
#065 (063, 0.742):: #Pareto: 5, acqs=[ucb:25, ts:36], 
clean is finish
clean is finish
clean is finish
clean is finish
clean is finish
clean is finish
clean is finish
clean is finish
clean is finish
clean is finish
clean is finish
clean is finish
clean is finish
clean is finish
clean is finish
clean is finish
clean is finish
clean is finish
clean is finish
clean is finish
clean is finish
clean is finish
clean is finish
clean is finish
clean is finish
clean is finish
#078 (076, 0.835):: #Pareto: 5, acqs=[ucb:31, ts:43], 
clean is finish
clean is finish
clean is finish
clean is finish
clean is finish
clean is finish
clean is finish
clean is finish
clean is finish
clean is finish
clean is finish
clean is finish
clean is finish
clean is finish
clean is finish
clean is finish
clean is finish
clean is finish
clean is finish
clean is finish
clean is finish
clean is finish
clean is finish
clean is finish
clean is finish
clean is finish
#091 (089, 0.950):: #Pareto: 5, acqs=[ucb:36, ts:51], 
clean is finish
clean is finish
clean is finish
clean is finish
clean is finish
clean is finish
clean is finish
clean is finish
clean is finish
clean is finish
clean is finish
clean is finish
clean is finish
clean is finish
#097 (096, 1.008):: #Pareto: 6, acqs=[ucb:39, ts:55], 
